2024-12-01 05:46:51,511 - Starting data download for station: Civil Lines
2024-12-01 05:47:27,321 - Data for Civil Lines downloaded successfully.
2024-12-01 05:47:27,321 - Starting data download for station: Mundka, Delhi
2024-12-01 05:47:57,281 - Data for Mundka, Delhi downloaded successfully.
2024-12-01 05:47:57,281 - Starting data download for station: R.K. Puram, Delhi
2024-12-01 05:48:27,067 - Data for R.K. Puram, Delhi downloaded successfully.
2024-12-01 05:48:27,067 - Starting data download for station: Anand Vihar, Delhi
2024-12-01 05:48:57,138 - Data for Anand Vihar, Delhi downloaded successfully.
2024-12-01 05:48:57,138 - Starting data download for station: PGDAV College, Sriniwaspuri, Delhi
2024-12-01 05:49:26,690 - Data for PGDAV College, Sriniwaspuri, Delhi downloaded successfully.
2024-12-01 05:49:26,690 - Starting data download for station: Shaheed Sukhdev College of Business Studies, Rohini, Delhi
2024-12-01 05:49:56,431 - Data for Shaheed Sukhdev College of Business Studies, Rohini, Delhi downloaded successfully.
2024-12-01 05:49:56,431 - Starting data download for station: New Delhi US Embassy
2024-12-01 05:50:26,123 - Data for New Delhi US Embassy downloaded successfully.
2024-12-01 05:50:26,123 - Starting data download for station: Delhi Institute of Tool Engineering, Wazirpur, Delhi
2024-12-01 05:50:55,806 - Data for Delhi Institute of Tool Engineering, Wazirpur, Delhi downloaded successfully.
2024-12-01 05:50:55,806 - Starting data download for station: Mandir Marg, Delhi
2024-12-01 05:51:25,585 - Data for Mandir Marg, Delhi downloaded successfully.
2024-12-01 05:51:25,585 - Starting data download for station: Dr. Karni Singh Shooting Range, Delhi
2024-12-01 05:51:55,243 - Data for Dr. Karni Singh Shooting Range, Delhi downloaded successfully.
2024-12-01 05:51:55,374 - Data download process completed.
